0 info it worked if it ends with ok
1 verbose cli [ '/usr/local/Cellar/node/7.7.4/bin/node',
1 verbose cli   '/usr/local/bin/npm',
1 verbose cli   'run',
1 verbose cli   'startPlayers' ]
2 info using npm@4.1.2
3 info using node@v7.7.4
4 verbose run-script [ 'prestartPlayers', 'startPlayers', 'poststartPlayers' ]
5 info lifecycle parcheesijs@1.0.0~prestartPlayers: parcheesijs@1.0.0
6 silly lifecycle parcheesijs@1.0.0~prestartPlayers: no script for prestartPlayers, continuing
7 info lifecycle parcheesijs@1.0.0~startPlayers: parcheesijs@1.0.0
8 verbose lifecycle parcheesijs@1.0.0~startPlayers: unsafe-perm in lifecycle true
9 verbose lifecycle parcheesijs@1.0.0~startPlayers: PATH: /usr/local/lib/node_modules/npm/bin/node-gyp-bin:/Users/edys/findler395/parcheesijs/node_modules/.bin:/usr/local/bin:/usr/bin:/bin:/usr/sbin:/sbin:/opt/X11/bin:/Library/TeX/texbin:/usr/local/opt/fzf/bin:/usr/local/opt/go/libexec/bin:/Users/edys/bin
10 verbose lifecycle parcheesijs@1.0.0~startPlayers: CWD: /Users/edys/findler395/parcheesijs
11 silly lifecycle parcheesijs@1.0.0~startPlayers: Args: [ '-c', 'babel-node startPlayers' ]
12 silly lifecycle parcheesijs@1.0.0~startPlayers: Returned: code: 1  signal: null
13 info lifecycle parcheesijs@1.0.0~startPlayers: Failed to exec startPlayers script
14 verbose stack Error: parcheesijs@1.0.0 startPlayers: `babel-node startPlayers`
14 verbose stack Exit status 1
14 verbose stack     at EventEmitter.<anonymous> (/usr/local/lib/node_modules/npm/lib/utils/lifecycle.js:279:16)
14 verbose stack     at emitTwo (events.js:106:13)
14 verbose stack     at EventEmitter.emit (events.js:194:7)
14 verbose stack     at ChildProcess.<anonymous> (/usr/local/lib/node_modules/npm/lib/utils/spawn.js:40:14)
14 verbose stack     at emitTwo (events.js:106:13)
14 verbose stack     at ChildProcess.emit (events.js:194:7)
14 verbose stack     at maybeClose (internal/child_process.js:899:16)
14 verbose stack     at Process.ChildProcess._handle.onexit (internal/child_process.js:226:5)
15 verbose pkgid parcheesijs@1.0.0
16 verbose cwd /Users/edys/findler395/parcheesijs
17 error Darwin 16.6.0
18 error argv "/usr/local/Cellar/node/7.7.4/bin/node" "/usr/local/bin/npm" "run" "startPlayers"
19 error node v7.7.4
20 error npm  v4.1.2
21 error code ELIFECYCLE
22 error parcheesijs@1.0.0 startPlayers: `babel-node startPlayers`
22 error Exit status 1
23 error Failed at the parcheesijs@1.0.0 startPlayers script 'babel-node startPlayers'.
23 error Make sure you have the latest version of node.js and npm installed.
23 error If you do, this is most likely a problem with the parcheesijs package,
23 error not with npm itself.
23 error Tell the author that this fails on your system:
23 error     babel-node startPlayers
23 error You can get information on how to open an issue for this project with:
23 error     npm bugs parcheesijs
23 error Or if that isn't available, you can get their info via:
23 error     npm owner ls parcheesijs
23 error There is likely additional logging output above.
24 verbose exit [ 1, true ]
